# JRE version: OpenJDK Runtime Environment (8.0_171-b11) (build 1.8.0_171-8u171-b11-0ubuntu0.16.04.1-b11)
# Java VM: OpenJDK 64-Bit Server VM (25.171-b11 mixed mode linux-amd64 compressed oops)
Heap:
 garbage-first heap   total 262144K, used 85585K [0x00000000c0000000, 0x00000000c0100800, 0x0000000100000000)
  region size 1024K, 18 young (18432K), 8 survivors (8192K)
 Metaspace       used 89584K, capacity 99364K, committed 99456K, reserved 1134592K
  class space    used 10836K, capacity 13621K, committed 13696K, reserved 1048576K
GC Heap History (10 events):
Event: 18,589 GC heap before
{Heap before GC invocations=8 (full 0):
 garbage-first heap   total 262144K, used 135711K [0x00000000c0000000, 0x00000000c0100800, 0x0000000100000000)
  region size 1024K, 120 young (122880K), 20 survivors (20480K)
 Metaspace       used 53610K, capacity 60098K, committed 60160K, reserved 1101824K
  class space    used 6167K, capacity 8061K, committed 8064K, reserved 1048576K
Event: 18,630 GC heap after
Heap after GC invocations=9 (full 0):
 garbage-first heap   total 262144K, used 57897K [0x00000000c0000000, 0x00000000c0100800, 0x0000000100000000)
  region size 1024K, 20 young (20480K), 20 survivors (20480K)
 Metaspace       used 53610K, capacity 60098K, committed 60160K, reserved 1101824K
  class space    used 6167K, capacity 8061K, committed 8064K, reserved 1048576K
}
Event: 27,287 GC heap before
{Heap before GC invocations=10 (full 0):
 garbage-first heap   total 262144K, used 193065K [0x00000000c0000000, 0x00000000c0100800, 0x0000000100000000)
  region size 1024K, 153 young (156672K), 20 survivors (20480K)
 Metaspace       used 76672K, capacity 85644K, committed 85888K, reserved 1124352K
  class space    used 9254K, capacity 11793K, committed 11904K, reserved 1048576K
Event: 27,354 GC heap after
Heap after GC invocations=11 (full 0):
 garbage-first heap   total 262144K, used 84992K [0x00000000c0000000, 0x00000000c0100800, 0x0000000100000000)
  region size 1024K, 20 young (20480K), 20 survivors (20480K)
 Metaspace       used 76672K, capacity 85644K, committed 85888K, reserved 1124352K
  class space    used 9254K, capacity 11793K, committed 11904K, reserved 1048576K
}
Event: 27,582 GC heap before
{Heap before GC invocations=12 (full 0):
 garbage-first heap   total 262144K, used 69632K [0x00000000c0000000, 0x00000000c0100800, 0x0000000100000000)
  region size 1024K, 23 young (23552K), 20 survivors (20480K)
 Metaspace       used 76924K, capacity 85884K, committed 86144K, reserved 1124352K
  class space    used 9286K, capacity 11831K, committed 11904K, reserved 1048576K
Event: 27,621 GC heap after
Heap after GC invocations=13 (full 0):
 garbage-first heap   total 262144K, used 70143K [0x00000000c0000000, 0x00000000c0100800, 0x0000000100000000)
  region size 1024K, 3 young (3072K), 3 survivors (3072K)
 Metaspace       used 76924K, capacity 85884K, committed 86144K, reserved 1124352K
  class space    used 9286K, capacity 11831K, committed 11904K, reserved 1048576K
}
Event: 59,356 GC heap before
{Heap before GC invocations=13 (full 0):
 garbage-first heap   total 262144K, used 218705K [0x00000000c0000000, 0x00000000c0100800, 0x0000000100000000)
  region size 1024K, 146 young (149504K), 3 survivors (3072K)
 Metaspace       used 85703K, capacity 95346K, committed 95360K, reserved 1132544K
  class space    used 10436K, capacity 13178K, committed 13184K, reserved 1048576K
Event: 59,380 GC heap after
Heap after GC invocations=14 (full 0):
 garbage-first heap   total 262144K, used 79441K [0x00000000c0000000, 0x00000000c0100800, 0x0000000100000000)
  region size 1024K, 11 young (11264K), 11 survivors (11264K)
 Metaspace       used 85703K, capacity 95346K, committed 95360K, reserved 1132544K
  class space    used 10436K, capacity 13178K, committed 13184K, reserved 1048576K
}
Event: 92,071 GC heap before
{Heap before GC invocations=14 (full 0):
 garbage-first heap   total 262144K, used 220753K [0x00000000c0000000, 0x00000000c0100800, 0x0000000100000000)
  region size 1024K, 149 young (152576K), 11 survivors (11264K)
 Metaspace       used 88037K, capacity 97840K, committed 98048K, reserved 1134592K
  class space    used 10688K, capacity 13457K, committed 13568K, reserved 1048576K
Event: 92,096 GC heap after
Heap after GC invocations=15 (full 0):
 garbage-first heap   total 262144K, used 76369K [0x00000000c0000000, 0x00000000c0100800, 0x0000000100000000)
  region size 1024K, 8 young (8192K), 8 survivors (8192K)
 Metaspace       used 88037K, capacity 97840K, committed 98048K, reserved 1134592K
  class space    used 10688K, capacity 13457K, committed 13568K, reserved 1048576K
}

